# JRE version: OpenJDK Runtime Environment (8.0_242-b08) (build 1.8.0_242-b08)
# Java VM: OpenJDK 64-Bit Server VM (25.242-b08 mixed mode linux-amd64 compressed oops)
Heap:
 PSYoungGen      total 24576K, used 14500K [0x00000000d6980000, 0x00000000d8280000, 0x0000000100000000)
  eden space 24064K, 59% used [0x00000000d6980000,0x00000000d77793f0,0x00000000d8100000)
  from space 512K, 37% used [0x00000000d8200000,0x00000000d8230000,0x00000000d8280000)
  to   space 512K, 0% used [0x00000000d8180000,0x00000000d8180000,0x00000000d8200000)
 ParOldGen       total 86016K, used 11358K [0x0000000083c00000, 0x0000000089000000, 0x00000000d6980000)
  object space 86016K, 13% used [0x0000000083c00000,0x0000000084717a80,0x0000000089000000)
 Metaspace       used 16616K, capacity 17102K, committed 17536K, reserved 1064960K
  class space    used 1676K, capacity 1797K, committed 1920K, reserved 1048576K
GC Heap History (10 events):
Event: 1591,545 GC heap before
{Heap before GC invocations=346 (full 0):
 PSYoungGen      total 24576K, used 24256K [0x00000000d6980000, 0x00000000d8280000, 0x0000000100000000)
  eden space 24064K, 100% used [0x00000000d6980000,0x00000000d8100000,0x00000000d8100000)
  from space 512K, 37% used [0x00000000d8180000,0x00000000d81b0000,0x00000000d8200000)
  to   space 512K, 0% used [0x00000000d8200000,0x00000000d8200000,0x00000000d8280000)
 ParOldGen       total 86016K, used 11358K [0x0000000083c00000, 0x0000000089000000, 0x00000000d6980000)
  object space 86016K, 13% used [0x0000000083c00000,0x0000000084717a80,0x0000000089000000)
 Metaspace       used 16516K, capacity 16974K, committed 17280K, reserved 1064960K
  class space    used 1675K, capacity 1797K, committed 1920K, reserved 1048576K
Event: 1591,546 GC heap after
Heap after GC invocations=346 (full 0):
 PSYoungGen      total 24576K, used 128K [0x00000000d6980000, 0x00000000d8280000, 0x0000000100000000)
  eden space 24064K, 0% used [0x00000000d6980000,0x00000000d6980000,0x00000000d8100000)
  from space 512K, 25% used [0x00000000d8200000,0x00000000d8220000,0x00000000d8280000)
  to   space 512K, 0% used [0x00000000d8180000,0x00000000d8180000,0x00000000d8200000)
 ParOldGen       total 86016K, used 11358K [0x0000000083c00000, 0x0000000089000000, 0x00000000d6980000)
  object space 86016K, 13% used [0x0000000083c00000,0x0000000084717a80,0x0000000089000000)
 Metaspace       used 16516K, capacity 16974K, committed 17280K, reserved 1064960K
  class space    used 1675K, capacity 1797K, committed 1920K, reserved 1048576K
}
Event: 1595,440 GC heap before
{Heap before GC invocations=347 (full 0):
 PSYoungGen      total 24576K, used 24192K [0x00000000d6980000, 0x00000000d8280000, 0x0000000100000000)
  eden space 24064K, 100% used [0x00000000d6980000,0x00000000d8100000,0x00000000d8100000)
  from space 512K, 25% used [0x00000000d8200000,0x00000000d8220000,0x00000000d8280000)
  to   space 512K, 0% used [0x00000000d8180000,0x00000000d8180000,0x00000000d8200000)
 ParOldGen       total 86016K, used 11358K [0x0000000083c00000, 0x0000000089000000, 0x00000000d6980000)
  object space 86016K, 13% used [0x0000000083c00000,0x0000000084717a80,0x0000000089000000)
 Metaspace       used 16516K, capacity 16974K, committed 17280K, reserved 1064960K
  class space    used 1675K, capacity 1797K, committed 1920K, reserved 1048576K
Event: 1595,445 GC heap after
Heap after GC invocations=347 (full 0):
 PSYoungGen      total 24576K, used 160K [0x00000000d6980000, 0x00000000d8280000, 0x0000000100000000)
  eden space 24064K, 0% used [0x00000000d6980000,0x00000000d6980000,0x00000000d8100000)
  from space 512K, 31% used [0x00000000d8180000,0x00000000d81a8000,0x00000000d8200000)
  to   space 512K, 0% used [0x00000000d8200000,0x00000000d8200000,0x00000000d8280000)
 ParOldGen       total 86016K, used 11358K [0x0000000083c00000, 0x0000000089000000, 0x00000000d6980000)
  object space 86016K, 13% used [0x0000000083c00000,0x0000000084717a80,0x0000000089000000)
 Metaspace       used 16516K, capacity 16974K, committed 17280K, reserved 1064960K
  class space    used 1675K, capacity 1797K, committed 1920K, reserved 1048576K
}
Event: 1599,532 GC heap before
{Heap before GC invocations=348 (full 0):
 PSYoungGen      total 24576K, used 24224K [0x00000000d6980000, 0x00000000d8280000, 0x0000000100000000)
  eden space 24064K, 100% used [0x00000000d6980000,0x00000000d8100000,0x00000000d8100000)
  from space 512K, 31% used [0x00000000d8180000,0x00000000d81a8000,0x00000000d8200000)
  to   space 512K, 0% used [0x00000000d8200000,0x00000000d8200000,0x00000000d8280000)
 ParOldGen       total 86016K, used 11358K [0x0000000083c00000, 0x0000000089000000, 0x00000000d6980000)
  object space 86016K, 13% used [0x0000000083c00000,0x0000000084717a80,0x0000000089000000)
 Metaspace       used 16516K, capacity 16974K, committed 17280K, reserved 1064960K
  class space    used 1675K, capacity 1797K, committed 1920K, reserved 1048576K
Event: 1599,534 GC heap after
Heap after GC invocations=348 (full 0):
 PSYoungGen      total 24576K, used 160K [0x00000000d6980000, 0x00000000d8280000, 0x0000000100000000)
  eden space 24064K, 0% used [0x00000000d6980000,0x00000000d6980000,0x00000000d8100000)
  from space 512K, 31% used [0x00000000d8200000,0x00000000d8228000,0x00000000d8280000)
  to   space 512K, 0% used [0x00000000d8180000,0x00000000d8180000,0x00000000d8200000)
 ParOldGen       total 86016K, used 11358K [0x0000000083c00000, 0x0000000089000000, 0x00000000d6980000)
  object space 86016K, 13% used [0x0000000083c00000,0x0000000084717a80,0x0000000089000000)
 Metaspace       used 16516K, capacity 16974K, committed 17280K, reserved 1064960K
  class space    used 1675K, capacity 1797K, committed 1920K, reserved 1048576K
}
Event: 1603,655 GC heap before
{Heap before GC invocations=349 (full 0):
 PSYoungGen      total 24576K, used 24224K [0x00000000d6980000, 0x00000000d8280000, 0x0000000100000000)
  eden space 24064K, 100% used [0x00000000d6980000,0x00000000d8100000,0x00000000d8100000)
  from space 512K, 31% used [0x00000000d8200000,0x00000000d8228000,0x00000000d8280000)
  to   space 512K, 0% used [0x00000000d8180000,0x00000000d8180000,0x00000000d8200000)
 ParOldGen       total 86016K, used 11358K [0x0000000083c00000, 0x0000000089000000, 0x00000000d6980000)
  object space 86016K, 13% used [0x0000000083c00000,0x0000000084717a80,0x0000000089000000)
 Metaspace       used 16516K, capacity 16974K, committed 17280K, reserved 1064960K
  class space    used 1675K, capacity 1797K, committed 1920K, reserved 1048576K
Event: 1603,657 GC heap after
Heap after GC invocations=349 (full 0):
 PSYoungGen      total 24576K, used 192K [0x00000000d6980000, 0x00000000d8280000, 0x0000000100000000)
  eden space 24064K, 0% used [0x00000000d6980000,0x00000000d6980000,0x00000000d8100000)
  from space 512K, 37% used [0x00000000d8180000,0x00000000d81b0000,0x00000000d8200000)
  to   space 512K, 0% used [0x00000000d8200000,0x00000000d8200000,0x00000000d8280000)
 ParOldGen       total 86016K, used 11358K [0x0000000083c00000, 0x0000000089000000, 0x00000000d6980000)
  object space 86016K, 13% used [0x0000000083c00000,0x0000000084717a80,0x0000000089000000)
 Metaspace       used 16516K, capacity 16974K, committed 17280K, reserved 1064960K
  class space    used 1675K, capacity 1797K, committed 1920K, reserved 1048576K
}
Event: 1607,838 GC heap before
{Heap before GC invocations=350 (full 0):
 PSYoungGen      total 24576K, used 24256K [0x00000000d6980000, 0x00000000d8280000, 0x0000000100000000)
  eden space 24064K, 100% used [0x00000000d6980000,0x00000000d8100000,0x00000000d8100000)
  from space 512K, 37% used [0x00000000d8180000,0x00000000d81b0000,0x00000000d8200000)
  to   space 512K, 0% used [0x00000000d8200000,0x00000000d8200000,0x00000000d8280000)
 ParOldGen       total 86016K, used 11358K [0x0000000083c00000, 0x0000000089000000, 0x00000000d6980000)
  object space 86016K, 13% used [0x0000000083c00000,0x0000000084717a80,0x0000000089000000)
 Metaspace       used 16516K, capacity 16974K, committed 17280K, reserved 1064960K
  class space    used 1675K, capacity 1797K, committed 1920K, reserved 1048576K
Event: 1607,840 GC heap after
Heap after GC invocations=350 (full 0):
 PSYoungGen      total 24576K, used 192K [0x00000000d6980000, 0x00000000d8280000, 0x0000000100000000)
  eden space 24064K, 0% used [0x00000000d6980000,0x00000000d6980000,0x00000000d8100000)
  from space 512K, 37% used [0x00000000d8200000,0x00000000d8230000,0x00000000d8280000)
  to   space 512K, 0% used [0x00000000d8180000,0x00000000d8180000,0x00000000d8200000)
 ParOldGen       total 86016K, used 11358K [0x0000000083c00000, 0x0000000089000000, 0x00000000d6980000)
  object space 86016K, 13% used [0x0000000083c00000,0x0000000084717a80,0x0000000089000000)
 Metaspace       used 16516K, capacity 16974K, committed 17280K, reserved 1064960K
  class space    used 1675K, capacity 1797K, committed 1920K, reserved 1048576K
}

