# JRE version: OpenJDK Runtime Environment (8.0_242-b08) (build 1.8.0_242-b08)
# Java VM: OpenJDK 64-Bit Server VM (25.242-b08 mixed mode linux-amd64 compressed oops)
Heap:
 PSYoungGen      total 63488K, used 30253K [0x00000000d6980000, 0x00000000db780000, 0x0000000100000000)
  eden space 52224K, 48% used [0x00000000d6980000,0x00000000d821f728,0x00000000d9c80000)
  from space 11264K, 44% used [0x00000000dac80000,0x00000000db16c048,0x00000000db780000)
  to   space 13824K, 0% used [0x00000000d9c80000,0x00000000d9c80000,0x00000000daa00000)
 ParOldGen       total 86016K, used 20440K [0x0000000083c00000, 0x0000000089000000, 0x00000000d6980000)
  object space 86016K, 23% used [0x0000000083c00000,0x0000000084ff6000,0x0000000089000000)
 Metaspace       used 14230K, capacity 14646K, committed 14848K, reserved 1062912K
  class space    used 1616K, capacity 1751K, committed 1792K, reserved 1048576K
GC Heap History (10 events):
Event: 44,134 GC heap before
{Heap before GC invocations=8 (full 0):
 PSYoungGen      total 64512K, used 64434K [0x00000000d6980000, 0x00000000dc100000, 0x0000000100000000)
  eden space 59904K, 100% used [0x00000000d6980000,0x00000000da400000,0x00000000da400000)
  from space 4608K, 98% used [0x00000000da580000,0x00000000da9ec988,0x00000000daa00000)
  to   space 14848K, 0% used [0x00000000db280000,0x00000000db280000,0x00000000dc100000)
 ParOldGen       total 86016K, used 14829K [0x0000000083c00000, 0x0000000089000000, 0x00000000d6980000)
  object space 86016K, 17% used [0x0000000083c00000,0x0000000084a7b678,0x0000000089000000)
 Metaspace       used 13787K, capacity 14230K, committed 14336K, reserved 1062912K
  class space    used 1595K, capacity 1719K, committed 1792K, reserved 1048576K
Event: 44,140 GC heap after
Heap after GC invocations=8 (full 0):
 PSYoungGen      total 71680K, used 1257K [0x00000000d6980000, 0x00000000dbf80000, 0x0000000100000000)
  eden space 58368K, 0% used [0x00000000d6980000,0x00000000d6980000,0x00000000da280000)
  from space 13312K, 9% used [0x00000000db280000,0x00000000db3ba588,0x00000000dbf80000)
  to   space 14848K, 0% used [0x00000000da280000,0x00000000da280000,0x00000000db100000)
 ParOldGen       total 86016K, used 18486K [0x0000000083c00000, 0x0000000089000000, 0x00000000d6980000)
  object space 86016K, 21% used [0x0000000083c00000,0x0000000084e0da78,0x0000000089000000)
 Metaspace       used 13787K, capacity 14230K, committed 14336K, reserved 1062912K
  class space    used 1595K, capacity 1719K, committed 1792K, reserved 1048576K
}
Event: 52,750 GC heap before
{Heap before GC invocations=9 (full 0):
 PSYoungGen      total 71680K, used 59625K [0x00000000d6980000, 0x00000000dbf80000, 0x0000000100000000)
  eden space 58368K, 100% used [0x00000000d6980000,0x00000000da280000,0x00000000da280000)
  from space 13312K, 9% used [0x00000000db280000,0x00000000db3ba588,0x00000000dbf80000)
  to   space 14848K, 0% used [0x00000000da280000,0x00000000da280000,0x00000000db100000)
 ParOldGen       total 86016K, used 18486K [0x0000000083c00000, 0x0000000089000000, 0x00000000d6980000)
  object space 86016K, 21% used [0x0000000083c00000,0x0000000084e0da78,0x0000000089000000)
 Metaspace       used 13787K, capacity 14230K, committed 14336K, reserved 1062912K
  class space    used 1595K, capacity 1719K, committed 1792K, reserved 1048576K
Event: 52,756 GC heap after
Heap after GC invocations=9 (full 0):
 PSYoungGen      total 57856K, used 905K [0x00000000d6980000, 0x00000000dbe00000, 0x0000000100000000)
  eden space 56832K, 0% used [0x00000000d6980000,0x00000000d6980000,0x00000000da100000)
  from space 1024K, 88% used [0x00000000da280000,0x00000000da362588,0x00000000da380000)
  to   space 14848K, 0% used [0x00000000daf80000,0x00000000daf80000,0x00000000dbe00000)
 ParOldGen       total 86016K, used 19062K [0x0000000083c00000, 0x0000000089000000, 0x00000000d6980000)
  object space 86016K, 22% used [0x0000000083c00000,0x0000000084e9da78,0x0000000089000000)
 Metaspace       used 13787K, capacity 14230K, committed 14336K, reserved 1062912K
  class space    used 1595K, capacity 1719K, committed 1792K, reserved 1048576K
}
Event: 61,218 GC heap before
{Heap before GC invocations=10 (full 0):
 PSYoungGen      total 57856K, used 57737K [0x00000000d6980000, 0x00000000dbe00000, 0x0000000100000000)
  eden space 56832K, 100% used [0x00000000d6980000,0x00000000da100000,0x00000000da100000)
  from space 1024K, 88% used [0x00000000da280000,0x00000000da362588,0x00000000da380000)
  to   space 14848K, 0% used [0x00000000daf80000,0x00000000daf80000,0x00000000dbe00000)
 ParOldGen       total 86016K, used 19062K [0x0000000083c00000, 0x0000000089000000, 0x00000000d6980000)
  object space 86016K, 22% used [0x0000000083c00000,0x0000000084e9da78,0x0000000089000000)
 Metaspace       used 13787K, capacity 14230K, committed 14336K, reserved 1062912K
  class space    used 1595K, capacity 1719K, committed 1792K, reserved 1048576K
Event: 61,222 GC heap after
Heap after GC invocations=10 (full 0):
 PSYoungGen      total 68608K, used 617K [0x00000000d6980000, 0x00000000dbc80000, 0x0000000100000000)
  eden space 55296K, 0% used [0x00000000d6980000,0x00000000d6980000,0x00000000d9f80000)
  from space 13312K, 4% used [0x00000000daf80000,0x00000000db01a588,0x00000000dbc80000)
  to   space 14848K, 0% used [0x00000000d9f80000,0x00000000d9f80000,0x00000000dae00000)
 ParOldGen       total 86016K, used 19606K [0x0000000083c00000, 0x0000000089000000, 0x00000000d6980000)
  object space 86016K, 22% used [0x0000000083c00000,0x0000000084f25a78,0x0000000089000000)
 Metaspace       used 13787K, capacity 14230K, committed 14336K, reserved 1062912K
  class space    used 1595K, capacity 1719K, committed 1792K, reserved 1048576K
}
Event: 69,307 GC heap before
{Heap before GC invocations=11 (full 0):
 PSYoungGen      total 68608K, used 55913K [0x00000000d6980000, 0x00000000dbc80000, 0x0000000100000000)
  eden space 55296K, 100% used [0x00000000d6980000,0x00000000d9f80000,0x00000000d9f80000)
  from space 13312K, 4% used [0x00000000daf80000,0x00000000db01a588,0x00000000dbc80000)
  to   space 14848K, 0% used [0x00000000d9f80000,0x00000000d9f80000,0x00000000dae00000)
 ParOldGen       total 86016K, used 19606K [0x0000000083c00000, 0x0000000089000000, 0x00000000d6980000)
  object space 86016K, 22% used [0x0000000083c00000,0x0000000084f25a78,0x0000000089000000)
 Metaspace       used 13788K, capacity 14230K, committed 14336K, reserved 1062912K
  class space    used 1595K, capacity 1719K, committed 1792K, reserved 1048576K
Event: 69,310 GC heap after
Heap after GC invocations=11 (full 0):
 PSYoungGen      total 54272K, used 352K [0x00000000d6980000, 0x00000000dbb00000, 0x0000000100000000)
  eden space 53760K, 0% used [0x00000000d6980000,0x00000000d6980000,0x00000000d9e00000)
  from space 512K, 68% used [0x00000000d9f80000,0x00000000d9fd8000,0x00000000da000000)
  to   space 14848K, 0% used [0x00000000dac80000,0x00000000dac80000,0x00000000dbb00000)
 ParOldGen       total 86016K, used 20176K [0x0000000083c00000, 0x0000000089000000, 0x00000000d6980000)
  object space 86016K, 23% used [0x0000000083c00000,0x0000000084fb4000,0x0000000089000000)
 Metaspace       used 13788K, capacity 14230K, committed 14336K, reserved 1062912K
  class space    used 1595K, capacity 1719K, committed 1792K, reserved 1048576K
}
Event: 374,996 GC heap before
{Heap before GC invocations=12 (full 0):
 PSYoungGen      total 54272K, used 54112K [0x00000000d6980000, 0x00000000dbb00000, 0x0000000100000000)
  eden space 53760K, 100% used [0x00000000d6980000,0x00000000d9e00000,0x00000000d9e00000)
  from space 512K, 68% used [0x00000000d9f80000,0x00000000d9fd8000,0x00000000da000000)
  to   space 14848K, 0% used [0x00000000dac80000,0x00000000dac80000,0x00000000dbb00000)
 ParOldGen       total 86016K, used 20176K [0x0000000083c00000, 0x0000000089000000, 0x00000000d6980000)
  object space 86016K, 23% used [0x0000000083c00000,0x0000000084fb4000,0x0000000089000000)
 Metaspace       used 14181K, capacity 14646K, committed 14848K, reserved 1062912K
  class space    used 1614K, capacity 1751K, committed 1792K, reserved 1048576K
Event: 374,999 GC heap after
Heap after GC invocations=12 (full 0):
 PSYoungGen      total 63488K, used 5040K [0x00000000d6980000, 0x00000000db780000, 0x0000000100000000)
  eden space 52224K, 0% used [0x00000000d6980000,0x00000000d6980000,0x00000000d9c80000)
  from space 11264K, 44% used [0x00000000dac80000,0x00000000db16c048,0x00000000db780000)
  to   space 13824K, 0% used [0x00000000d9c80000,0x00000000d9c80000,0x00000000daa00000)
 ParOldGen       total 86016K, used 20440K [0x0000000083c00000, 0x0000000089000000, 0x00000000d6980000)
  object space 86016K, 23% used [0x0000000083c00000,0x0000000084ff6000,0x0000000089000000)
 Metaspace       used 14181K, capacity 14646K, committed 14848K, reserved 1062912K
  class space    used 1614K, capacity 1751K, committed 1792K, reserved 1048576K
}

